<?xml version="1.0" encoding="UTF-8"?>
<robot generator="Robot 7.4.1 (Python 3.10.11 on win32)" generated="2026-02-21T12:35:47.391801" rpa="false" schemaversion="5">
<suite id="s1" name="Api Tests" source="C:\Users\Lenovo\PycharmProjects\Wipro-Training-2026\FoodieApp\api_tests.robot">
<kw name="Create Session" owner="RequestsLibrary" type="SETUP">
<msg time="2026-02-21T12:35:47.578049" level="INFO">Creating Session using : alias=foodie, url=http://localhost:5000/api/v1, headers={},                     cookies={}, auth=None, timeout=None, proxies=None, verify=False,                     debug=0 </msg>
<arg>foodie</arg>
<arg>http://localhost:5000/api/v1</arg>
<doc>Create Session: create a HTTP session to a server</doc>
<status status="PASS" start="2026-02-21T12:35:47.578049" elapsed="0.000000"/>
</kw>
<test id="s1-t1" name="Register New Restaurant Successfully" line="15">
<kw name="POST On Session" owner="RequestsLibrary">
<msg time="2026-02-21T12:35:49.616033" level="INFO">POST Request : url=http://localhost:5000/api/v1/restaurants 
 path_url=/api/v1/restaurants 
 headers={'User-Agent': 'python-requests/2.32.5', 'Accept-Encoding': 'gzip, deflate', 'Accept': '*/*', 'Connection': 'keep-alive', 'Content-Length': '101', 'Content-Type': 'application/json'} 
 body=b'{"name": "Spice Garden", "category": "Indian", "location": "North", "images": [], "contact": "98765"}' 
 </msg>
<msg time="2026-02-21T12:35:49.616033" level="INFO">POST Response : url=http://localhost:5000/api/v1/restaurants 
 status=201, reason=CREATED 
 headers={'Server': 'Werkzeug/3.1.5 Python/3.10.11', 'Date': 'Sat, 21 Feb 2026 07:05:49 GMT', 'Content-Type': 'application/json', 'Content-Length': '165', 'Connection': 'close'} 
 body={
  "approved": false,
  "category": "Indian",
  "contact": "98765",
  "enabled": true,
  "id": 4,
  "images": [],
  "location": "North",
  "name": "Spice Garden"
}
 
 </msg>
<msg time="2026-02-21T12:35:49.616033" level="INFO">${response} = &lt;Response [201]&gt;</msg>
<var>${response}</var>
<arg>foodie</arg>
<arg>/restaurants</arg>
<arg>json=${RESTAURANT_DATA}</arg>
<doc>Sends a POST request on a previously created HTTP Session.</doc>
<status status="PASS" start="2026-02-21T12:35:47.579054" elapsed="2.036979"/>
</kw>
<kw name="Status Should Be" owner="RequestsLibrary">
<arg>201</arg>
<arg>${response}</arg>
<doc>Fails if response status code is different than the expected.</doc>
<status status="PASS" start="2026-02-21T12:35:49.617028" elapsed="0.000000"/>
</kw>
<kw name="Set Variable" owner="BuiltIn">
<msg time="2026-02-21T12:35:49.619048" level="INFO">${json} = {'approved': False, 'category': 'Indian', 'contact': '98765', 'enabled': True, 'id': 4, 'images': [], 'location': 'North', 'name': 'Spice Garden'}</msg>
<var>${json}</var>
<arg>${response.json()}</arg>
<doc>Returns the given values which can then be assigned to a variables.</doc>
<status status="PASS" start="2026-02-21T12:35:49.618026" elapsed="0.001022"/>
</kw>
<kw name="Dictionary Should Contain Key" owner="Collections">
<arg>${json}</arg>
<arg>id</arg>
<doc>Fails if ``key`` is not found from ``dictionary``.</doc>
<status status="PASS" start="2026-02-21T12:35:49.619048" elapsed="0.000000"/>
</kw>
<kw name="Set Suite Variable" owner="BuiltIn">
<msg time="2026-02-21T12:35:49.621046" level="INFO">${NEW_RES_ID} = 4</msg>
<arg>${NEW_RES_ID}</arg>
<arg>${json['id']}</arg>
<doc>Makes a variable available everywhere within the scope of the current suite.</doc>
<status status="PASS" start="2026-02-21T12:35:49.620046" elapsed="0.001000"/>
</kw>
<doc>Verify admin can register a restaurant</doc>
<status status="PASS" start="2026-02-21T12:35:47.578049" elapsed="2.043992"/>
</test>
<test id="s1-t2" name="Update Restaurant Details" line="23">
<kw name="Create Dictionary" owner="BuiltIn">
<msg time="2026-02-21T12:35:49.624046" level="INFO">${update_data} = {'location': 'South'}</msg>
<var>${update_data}</var>
<arg>location=South</arg>
<doc>Creates and returns a dictionary based on the given ``items``.</doc>
<status status="PASS" start="2026-02-21T12:35:49.623036" elapsed="0.001010"/>
</kw>
<kw name="PUT On Session" owner="RequestsLibrary">
<msg time="2026-02-21T12:35:51.656877" level="INFO">PUT Request : url=http://localhost:5000/api/v1/restaurants/4 
 path_url=/api/v1/restaurants/4 
 headers={'User-Agent': 'python-requests/2.32.5', 'Accept-Encoding': 'gzip, deflate', 'Accept': '*/*', 'Connection': 'keep-alive', 'Content-Length': '21', 'Content-Type': 'application/json'} 
 body=b'{"location": "South"}' 
 </msg>
<msg time="2026-02-21T12:35:51.656877" level="INFO">PUT Response : url=http://localhost:5000/api/v1/restaurants/4 
 status=200, reason=OK 
 headers={'Server': 'Werkzeug/3.1.5 Python/3.10.11', 'Date': 'Sat, 21 Feb 2026 07:05:51 GMT', 'Content-Type': 'application/json', 'Content-Length': '165', 'Connection': 'close'} 
 body={
  "approved": false,
  "category": "Indian",
  "contact": "98765",
  "enabled": true,
  "id": 4,
  "images": [],
  "location": "South",
  "name": "Spice Garden"
}
 
 </msg>
<msg time="2026-02-21T12:35:51.656877" level="INFO">${response} = &lt;Response [200]&gt;</msg>
<var>${response}</var>
<arg>foodie</arg>
<arg>/restaurants/${NEW_RES_ID}</arg>
<arg>json=${update_data}</arg>
<doc>Sends a PUT request on a previously created HTTP Session.</doc>
<status status="PASS" start="2026-02-21T12:35:49.624046" elapsed="2.033835"/>
</kw>
<kw name="Status Should Be" owner="RequestsLibrary">
<arg>200</arg>
<arg>${response}</arg>
<doc>Fails if response status code is different than the expected.</doc>
<status status="PASS" start="2026-02-21T12:35:51.657881" elapsed="0.000991"/>
</kw>
<kw name="Should Be Equal As Strings" owner="BuiltIn">
<arg>${response.json()['location']}</arg>
<arg>South</arg>
<doc>Fails if objects are unequal after converting them to strings.</doc>
<status status="PASS" start="2026-02-21T12:35:51.658872" elapsed="0.002030"/>
</kw>
<doc>Verify updating restaurant info</doc>
<status status="PASS" start="2026-02-21T12:35:49.622041" elapsed="2.038861"/>
</test>
<test id="s1-t3" name="Approve Restaurant Via Admin" line="30">
<kw name="PUT On Session" owner="RequestsLibrary">
<msg time="2026-02-21T12:35:53.700630" level="INFO">PUT Request : url=http://localhost:5000/api/v1/admin/restaurants/4/approve 
 path_url=/api/v1/admin/restaurants/4/approve 
 headers={'User-Agent': 'python-requests/2.32.5', 'Accept-Encoding': 'gzip, deflate', 'Accept': '*/*', 'Connection': 'keep-alive', 'Content-Length': '0'} 
 body=None 
 </msg>
<msg time="2026-02-21T12:35:53.701639" level="INFO">PUT Response : url=http://localhost:5000/api/v1/admin/restaurants/4/approve 
 status=200, reason=OK 
 headers={'Server': 'Werkzeug/3.1.5 Python/3.10.11', 'Date': 'Sat, 21 Feb 2026 07:05:53 GMT', 'Content-Type': 'application/json', 'Content-Length': '39', 'Connection': 'close'} 
 body={
  "message": "Restaurant approved"
}
 
 </msg>
<msg time="2026-02-21T12:35:53.701639" level="INFO">${response} = &lt;Response [200]&gt;</msg>
<var>${response}</var>
<arg>foodie</arg>
<arg>/admin/restaurants/${NEW_RES_ID}/approve</arg>
<doc>Sends a PUT request on a previously created HTTP Session.</doc>
<status status="PASS" start="2026-02-21T12:35:51.661905" elapsed="2.039734"/>
</kw>
<kw name="Status Should Be" owner="RequestsLibrary">
<arg>200</arg>
<arg>${response}</arg>
<doc>Fails if response status code is different than the expected.</doc>
<status status="PASS" start="2026-02-21T12:35:53.701639" elapsed="0.000993"/>
</kw>
<kw name="Should Be Equal As Strings" owner="BuiltIn">
<arg>${response.json()['message']}</arg>
<arg>Restaurant approved</arg>
<doc>Fails if objects are unequal after converting them to strings.</doc>
<status status="PASS" start="2026-02-21T12:35:53.702632" elapsed="0.000997"/>
</kw>
<doc>Verify admin can approve a registered restaurant</doc>
<status status="PASS" start="2026-02-21T12:35:51.661905" elapsed="2.042723"/>
</test>
<test id="s1-t4" name="Add Dish To Restaurant" line="38">
<kw name="POST On Session" owner="RequestsLibrary">
<msg time="2026-02-21T12:35:55.728176" level="INFO">POST Request : url=http://localhost:5000/api/v1/restaurants/4/dishes 
 path_url=/api/v1/restaurants/4/dishes 
 headers={'User-Agent': 'python-requests/2.32.5', 'Accept-Encoding': 'gzip, deflate', 'Accept': '*/*', 'Connection': 'keep-alive', 'Content-Length': '108', 'Content-Type': 'application/json'} 
 body=b'{"name": "Paneer Tikka", "type": "Veg", "price": "15.0", "available_time": "All Day", "image": "paneer.jpg"}' 
 </msg>
<msg time="2026-02-21T12:35:55.728176" level="INFO">POST Response : url=http://localhost:5000/api/v1/restaurants/4/dishes 
 status=201, reason=CREATED 
 headers={'Server': 'Werkzeug/3.1.5 Python/3.10.11', 'Date': 'Sat, 21 Feb 2026 07:05:55 GMT', 'Content-Type': 'application/json', 'Content-Length': '173', 'Connection': 'close'} 
 body={
  "available_time": "All Day",
  "enabled": true,
  "id": 2,
  "image": "paneer.jpg",
  "name": "Paneer Tikka",
  "price": "15.0",
  "restaurant_id": 4,
  "type": "Veg"
}
 
 </msg>
<msg time="2026-02-21T12:35:55.728176" level="INFO">${response} = &lt;Response [201]&gt;</msg>
<var>${response}</var>
<arg>foodie</arg>
<arg>/restaurants/${NEW_RES_ID}/dishes</arg>
<arg>json=${DISH_DATA}</arg>
<doc>Sends a POST request on a previously created HTTP Session.</doc>
<status status="PASS" start="2026-02-21T12:35:53.705632" elapsed="2.022544"/>
</kw>
<kw name="Status Should Be" owner="RequestsLibrary">
<arg>201</arg>
<arg>${response}</arg>
<doc>Fails if response status code is different than the expected.</doc>
<status status="PASS" start="2026-02-21T12:35:55.729178" elapsed="0.000971"/>
</kw>
<kw name="Set Suite Variable" owner="BuiltIn">
<msg time="2026-02-21T12:35:55.731167" level="INFO">${NEW_DISH_ID} = 2</msg>
<arg>${NEW_DISH_ID}</arg>
<arg>${response.json()['id']}</arg>
<doc>Makes a variable available everywhere within the scope of the current suite.</doc>
<status status="PASS" start="2026-02-21T12:35:55.730149" elapsed="0.001018"/>
</kw>
<doc>Verify adding a dish to an existing restaurant</doc>
<status status="PASS" start="2026-02-21T12:35:53.705632" elapsed="2.026397"/>
</test>
<test id="s1-t5" name="Update Dish Status" line="44">
<kw name="Create Dictionary" owner="BuiltIn">
<msg time="2026-02-21T12:35:55.734293" level="INFO">${status} = {'enabled': False}</msg>
<var>${status}</var>
<arg>enabled=${FALSE}</arg>
<doc>Creates and returns a dictionary based on the given ``items``.</doc>
<status status="PASS" start="2026-02-21T12:35:55.733202" elapsed="0.001091"/>
</kw>
<kw name="PUT On Session" owner="RequestsLibrary">
<msg time="2026-02-21T12:35:57.748487" level="INFO">PUT Request : url=http://localhost:5000/api/v1/dishes/2/status 
 path_url=/api/v1/dishes/2/status 
 headers={'User-Agent': 'python-requests/2.32.5', 'Accept-Encoding': 'gzip, deflate', 'Accept': '*/*', 'Connection': 'keep-alive', 'Content-Length': '18', 'Content-Type': 'application/json'} 
 body=b'{"enabled": false}' 
 </msg>
<msg time="2026-02-21T12:35:57.748487" level="INFO">PUT Response : url=http://localhost:5000/api/v1/dishes/2/status 
 status=200, reason=OK 
 headers={'Server': 'Werkzeug/3.1.5 Python/3.10.11', 'Date': 'Sat, 21 Feb 2026 07:05:57 GMT', 'Content-Type': 'application/json', 'Content-Length': '39', 'Connection': 'close'} 
 body={
  "message": "Dish status updated"
}
 
 </msg>
<msg time="2026-02-21T12:35:57.748487" level="INFO">${response} = &lt;Response [200]&gt;</msg>
<var>${response}</var>
<arg>foodie</arg>
<arg>/dishes/${NEW_DISH_ID}/status</arg>
<arg>json=${status}</arg>
<doc>Sends a PUT request on a previously created HTTP Session.</doc>
<status status="PASS" start="2026-02-21T12:35:55.734293" elapsed="2.014194"/>
</kw>
<kw name="Status Should Be" owner="RequestsLibrary">
<arg>200</arg>
<arg>${response}</arg>
<doc>Fails if response status code is different than the expected.</doc>
<status status="PASS" start="2026-02-21T12:35:57.749659" elapsed="0.000000"/>
</kw>
<doc>Verify toggling dish availability</doc>
<status status="PASS" start="2026-02-21T12:35:55.732029" elapsed="2.017630"/>
</test>
<test id="s1-t6" name="Register New User" line="52">
<kw name="POST On Session" owner="RequestsLibrary">
<msg time="2026-02-21T12:35:59.782275" level="INFO">POST Request : url=http://localhost:5000/api/v1/users/register 
 path_url=/api/v1/users/register 
 headers={'User-Agent': 'python-requests/2.32.5', 'Accept-Encoding': 'gzip, deflate', 'Accept': '*/*', 'Connection': 'keep-alive', 'Content-Length': '74', 'Content-Type': 'application/json'} 
 body=b'{"name": "John Doe", "email": "john@example.com", "password": "secret123"}' 
 </msg>
<msg time="2026-02-21T12:35:59.783284" level="INFO">POST Response : url=http://localhost:5000/api/v1/users/register 
 status=201, reason=CREATED 
 headers={'Server': 'Werkzeug/3.1.5 Python/3.10.11', 'Date': 'Sat, 21 Feb 2026 07:05:59 GMT', 'Content-Type': 'application/json', 'Content-Length': '94', 'Connection': 'close'} 
 body={
  "email": "john@example.com",
  "id": 1,
  "name": "John Doe",
  "password": "secret123"
}
 
 </msg>
<msg time="2026-02-21T12:35:59.783284" level="INFO">${response} = &lt;Response [201]&gt;</msg>
<var>${response}</var>
<arg>foodie</arg>
<arg>/users/register</arg>
<arg>json=${USER_DATA}</arg>
<doc>Sends a POST request on a previously created HTTP Session.</doc>
<status status="PASS" start="2026-02-21T12:35:57.752326" elapsed="2.030958"/>
</kw>
<kw name="Status Should Be" owner="RequestsLibrary">
<arg>201</arg>
<arg>${response}</arg>
<doc>Fails if response status code is different than the expected.</doc>
<status status="PASS" start="2026-02-21T12:35:59.784275" elapsed="0.000000"/>
</kw>
<kw name="Set Suite Variable" owner="BuiltIn">
<msg time="2026-02-21T12:35:59.786286" level="INFO">${USER_ID} = 1</msg>
<arg>${USER_ID}</arg>
<arg>${response.json()['id']}</arg>
<doc>Makes a variable available everywhere within the scope of the current suite.</doc>
<status status="PASS" start="2026-02-21T12:35:59.785285" elapsed="0.001001"/>
</kw>
<doc>Verify user registration</doc>
<status status="PASS" start="2026-02-21T12:35:57.751463" elapsed="2.035963"/>
</test>
<test id="s1-t7" name="Search For Restaurant By Name" line="58">
<kw name="Create Dictionary" owner="BuiltIn">
<msg time="2026-02-21T12:35:59.789289" level="INFO">${params} = {'name': 'Spice'}</msg>
<var>${params}</var>
<arg>name=Spice</arg>
<doc>Creates and returns a dictionary based on the given ``items``.</doc>
<status status="PASS" start="2026-02-21T12:35:59.789289" elapsed="0.000997"/>
</kw>
<kw name="GET On Session" owner="RequestsLibrary">
<msg time="2026-02-21T12:36:01.819538" level="INFO">GET Request : url=http://localhost:5000/api/v1/restaurants/search?name=Spice 
 path_url=/api/v1/restaurants/search?name=Spice 
 headers={'User-Agent': 'python-requests/2.32.5', 'Accept-Encoding': 'gzip, deflate', 'Accept': '*/*', 'Connection': 'keep-alive'} 
 body=None 
 </msg>
<msg time="2026-02-21T12:36:01.820540" level="INFO">GET Response : url=http://localhost:5000/api/v1/restaurants/search?name=Spice 
 status=200, reason=OK 
 headers={'Server': 'Werkzeug/3.1.5 Python/3.10.11', 'Date': 'Sat, 21 Feb 2026 07:06:01 GMT', 'Content-Type': 'application/json', 'Content-Length': '188', 'Connection': 'close'} 
 body=[
  {
    "approved": true,
    "category": "Indian",
    "contact": "98765",
    "enabled": true,
    "id": 4,
    "images": [],
    "location": "South",
    "name": "Spice Garden"
  }
]
 
 </msg>
<msg time="2026-02-21T12:36:01.820540" level="INFO">${response} = &lt;Response [200]&gt;</msg>
<var>${response}</var>
<arg>foodie</arg>
<arg>/restaurants/search</arg>
<arg>params=${params}</arg>
<doc>Sends a GET request on a previously created HTTP Session.</doc>
<status status="PASS" start="2026-02-21T12:35:59.790286" elapsed="2.030254"/>
</kw>
<kw name="Status Should Be" owner="RequestsLibrary">
<arg>200</arg>
<arg>${response}</arg>
<doc>Fails if response status code is different than the expected.</doc>
<status status="PASS" start="2026-02-21T12:36:01.820540" elapsed="0.001000"/>
</kw>
<kw name="Should Not Be Empty" owner="BuiltIn">
<msg time="2026-02-21T12:36:01.822539" level="INFO">Length is 1.</msg>
<arg>${response.json()}</arg>
<doc>Verifies that the given item is not empty.</doc>
<status status="PASS" start="2026-02-21T12:36:01.821540" elapsed="0.000999"/>
</kw>
<doc>Verify search functionality</doc>
<status status="PASS" start="2026-02-21T12:35:59.788293" elapsed="2.035245"/>
</test>
<test id="s1-t8" name="Place An Order" line="67">
<kw name="Create List" owner="BuiltIn">
<msg time="2026-02-21T12:36:01.825538" level="INFO">${dishes_list} = [2]</msg>
<var>${dishes_list}</var>
<arg>${NEW_DISH_ID}</arg>
<doc>Returns a list containing given items.</doc>
<status status="PASS" start="2026-02-21T12:36:01.824538" elapsed="0.001000"/>
</kw>
<kw name="Create Dictionary" owner="BuiltIn">
<msg time="2026-02-21T12:36:01.826538" level="INFO">${order_payload} = {'user_id': 1, 'restaurant_id': 4, 'dishes': [2]}</msg>
<var>${order_payload}</var>
<arg>user_id=${USER_ID}</arg>
<arg>restaurant_id=${NEW_RES_ID}</arg>
<arg>dishes=${dishes_list}</arg>
<doc>Creates and returns a dictionary based on the given ``items``.</doc>
<status status="PASS" start="2026-02-21T12:36:01.825538" elapsed="0.001000"/>
</kw>
<kw name="POST On Session" owner="RequestsLibrary">
<msg time="2026-02-21T12:36:03.859652" level="INFO">POST Request : url=http://localhost:5000/api/v1/orders 
 path_url=/api/v1/orders 
 headers={'User-Agent': 'python-requests/2.32.5', 'Accept-Encoding': 'gzip, deflate', 'Accept': '*/*', 'Connection': 'keep-alive', 'Content-Length': '49', 'Content-Type': 'application/json'} 
 body=b'{"user_id": 1, "restaurant_id": 4, "dishes": [2]}' 
 </msg>
<msg time="2026-02-21T12:36:03.860653" level="INFO">POST Response : url=http://localhost:5000/api/v1/orders 
 status=201, reason=CREATED 
 headers={'Server': 'Werkzeug/3.1.5 Python/3.10.11', 'Date': 'Sat, 21 Feb 2026 07:06:03 GMT', 'Content-Type': 'application/json', 'Content-Length': '99', 'Connection': 'close'} 
 body={
  "dishes": [
    2
  ],
  "id": 1,
  "restaurant_id": 4,
  "status": "Placed",
  "user_id": 1
}
 
 </msg>
<msg time="2026-02-21T12:36:03.860653" level="INFO">${response} = &lt;Response [201]&gt;</msg>
<var>${response}</var>
<arg>foodie</arg>
<arg>/orders</arg>
<arg>json=${order_payload}</arg>
<doc>Sends a POST request on a previously created HTTP Session.</doc>
<status status="PASS" start="2026-02-21T12:36:01.826538" elapsed="2.034115"/>
</kw>
<kw name="Status Should Be" owner="RequestsLibrary">
<arg>201</arg>
<arg>${response}</arg>
<doc>Fails if response status code is different than the expected.</doc>
<status status="PASS" start="2026-02-21T12:36:03.860653" elapsed="0.001007"/>
</kw>
<kw name="Set Suite Variable" owner="BuiltIn">
<msg time="2026-02-21T12:36:03.863652" level="INFO">${ORDER_ID} = 1</msg>
<arg>${ORDER_ID}</arg>
<arg>${response.json()['id']}</arg>
<doc>Makes a variable available everywhere within the scope of the current suite.</doc>
<status status="PASS" start="2026-02-21T12:36:03.861660" elapsed="0.001992"/>
</kw>
<doc>Verify user can place an order for dishes</doc>
<status status="PASS" start="2026-02-21T12:36:01.824538" elapsed="2.040122"/>
</test>
<test id="s1-t9" name="Submit Rating And Feedback" line="75">
<kw name="Create Dictionary" owner="BuiltIn">
<msg time="2026-02-21T12:36:03.866661" level="INFO">${rating_payload} = {'order_id': 1, 'rating': '5', 'comment': 'Excellent food!'}</msg>
<var>${rating_payload}</var>
<arg>order_id=${ORDER_ID}</arg>
<arg>rating=5</arg>
<arg>comment=Excellent food!</arg>
<doc>Creates and returns a dictionary based on the given ``items``.</doc>
<status status="PASS" start="2026-02-21T12:36:03.865652" elapsed="0.001009"/>
</kw>
<kw name="POST On Session" owner="RequestsLibrary">
<msg time="2026-02-21T12:36:05.894016" level="INFO">POST Request : url=http://localhost:5000/api/v1/ratings 
 path_url=/api/v1/ratings 
 headers={'User-Agent': 'python-requests/2.32.5', 'Accept-Encoding': 'gzip, deflate', 'Accept': '*/*', 'Connection': 'keep-alive', 'Content-Length': '60', 'Content-Type': 'application/json'} 
 body=b'{"order_id": 1, "rating": "5", "comment": "Excellent food!"}' 
 </msg>
<msg time="2026-02-21T12:36:05.894016" level="INFO">POST Response : url=http://localhost:5000/api/v1/ratings 
 status=201, reason=CREATED 
 headers={'Server': 'Werkzeug/3.1.5 Python/3.10.11', 'Date': 'Sat, 21 Feb 2026 07:06:05 GMT', 'Content-Type': 'application/json', 'Content-Length': '80', 'Connection': 'close'} 
 body={
  "comment": "Excellent food!",
  "id": 1,
  "order_id": 1,
  "rating": "5"
}
 
 </msg>
<msg time="2026-02-21T12:36:05.895030" level="INFO">${response} = &lt;Response [201]&gt;</msg>
<var>${response}</var>
<arg>foodie</arg>
<arg>/ratings</arg>
<arg>json=${rating_payload}</arg>
<doc>Sends a POST request on a previously created HTTP Session.</doc>
<status status="PASS" start="2026-02-21T12:36:03.866661" elapsed="2.028369"/>
</kw>
<kw name="Status Should Be" owner="RequestsLibrary">
<arg>201</arg>
<arg>${response}</arg>
<doc>Fails if response status code is different than the expected.</doc>
<status status="PASS" start="2026-02-21T12:36:05.896000" elapsed="0.000000"/>
</kw>
<doc>Verify user can rate an order</doc>
<status status="PASS" start="2026-02-21T12:36:03.864660" elapsed="2.031340"/>
</test>
<test id="s1-t10" name="View Admin Feedback" line="81">
<kw name="GET On Session" owner="RequestsLibrary">
<msg time="2026-02-21T12:36:07.941475" level="INFO">GET Request : url=http://localhost:5000/api/v1/admin/feedback 
 path_url=/api/v1/admin/feedback 
 headers={'User-Agent': 'python-requests/2.32.5', 'Accept-Encoding': 'gzip, deflate', 'Accept': '*/*', 'Connection': 'keep-alive'} 
 body=None 
 </msg>
<msg time="2026-02-21T12:36:07.941475" level="INFO">GET Response : url=http://localhost:5000/api/v1/admin/feedback 
 status=200, reason=OK 
 headers={'Server': 'Werkzeug/3.1.5 Python/3.10.11', 'Date': 'Sat, 21 Feb 2026 07:06:07 GMT', 'Content-Type': 'application/json', 'Content-Length': '96', 'Connection': 'close'} 
 body=[
  {
    "comment": "Excellent food!",
    "id": 1,
    "order_id": 1,
    "rating": "5"
  }
]
 
 </msg>
<msg time="2026-02-21T12:36:07.941475" level="INFO">${response} = &lt;Response [200]&gt;</msg>
<var>${response}</var>
<arg>foodie</arg>
<arg>/admin/feedback</arg>
<doc>Sends a GET request on a previously created HTTP Session.</doc>
<status status="PASS" start="2026-02-21T12:36:05.898016" elapsed="2.043459"/>
</kw>
<kw name="Status Should Be" owner="RequestsLibrary">
<arg>200</arg>
<arg>${response}</arg>
<doc>Fails if response status code is different than the expected.</doc>
<status status="PASS" start="2026-02-21T12:36:07.942485" elapsed="0.000000"/>
</kw>
<kw name="Should Not Be Empty" owner="BuiltIn">
<msg time="2026-02-21T12:36:07.943857" level="INFO">Length is 1.</msg>
<arg>${response.json()}</arg>
<doc>Verifies that the given item is not empty.</doc>
<status status="PASS" start="2026-02-21T12:36:07.942485" elapsed="0.001372"/>
</kw>
<doc>Verify admin can view submitted feedback</doc>
<status status="PASS" start="2026-02-21T12:36:05.897020" elapsed="2.047861"/>
</test>
<test id="s1-t11" name="Delete Dish" line="89">
<kw name="DELETE On Session" owner="RequestsLibrary">
<msg time="2026-02-21T12:36:09.974965" level="INFO">DELETE Request : url=http://localhost:5000/api/v1/dishes/2 
 path_url=/api/v1/dishes/2 
 headers={'User-Agent': 'python-requests/2.32.5', 'Accept-Encoding': 'gzip, deflate', 'Accept': '*/*', 'Connection': 'keep-alive', 'Content-Length': '0'} 
 body=None 
 </msg>
<msg time="2026-02-21T12:36:09.974965" level="INFO">DELETE Response : url=http://localhost:5000/api/v1/dishes/2 
 status=200, reason=OK 
 headers={'Server': 'Werkzeug/3.1.5 Python/3.10.11', 'Date': 'Sat, 21 Feb 2026 07:06:09 GMT', 'Content-Type': 'application/json', 'Content-Length': '32', 'Connection': 'close'} 
 body={
  "message": "Dish deleted"
}
 
 </msg>
<msg time="2026-02-21T12:36:09.975974" level="INFO">${response} = &lt;Response [200]&gt;</msg>
<var>${response}</var>
<arg>foodie</arg>
<arg>/dishes/${NEW_DISH_ID}</arg>
<doc>Sends a DELETE request on a previously created HTTP Session.</doc>
<status status="PASS" start="2026-02-21T12:36:07.945893" elapsed="2.030081"/>
</kw>
<kw name="Status Should Be" owner="RequestsLibrary">
<arg>200</arg>
<arg>${response}</arg>
<doc>Fails if response status code is different than the expected.</doc>
<status status="PASS" start="2026-02-21T12:36:09.975974" elapsed="0.000993"/>
</kw>
<doc>Remove dish from system</doc>
<status status="PASS" start="2026-02-21T12:36:07.945893" elapsed="2.031074"/>
</test>
<test id="s1-t12" name="Delete Restaurant" line="94">
<kw name="DELETE On Session" owner="RequestsLibrary">
<msg time="2026-02-21T12:36:12.010174" level="INFO">DELETE Request : url=http://localhost:5000/api/v1/restaurants/4 
 path_url=/api/v1/restaurants/4 
 headers={'User-Agent': 'python-requests/2.32.5', 'Accept-Encoding': 'gzip, deflate', 'Accept': '*/*', 'Connection': 'keep-alive', 'Content-Length': '0'} 
 body=None 
 </msg>
<msg time="2026-02-21T12:36:12.010174" level="INFO">DELETE Response : url=http://localhost:5000/api/v1/restaurants/4 
 status=200, reason=OK 
 headers={'Server': 'Werkzeug/3.1.5 Python/3.10.11', 'Date': 'Sat, 21 Feb 2026 07:06:12 GMT', 'Content-Type': 'application/json', 'Content-Length': '38', 'Connection': 'close'} 
 body={
  "message": "Restaurant deleted"
}
 
 </msg>
<msg time="2026-02-21T12:36:12.010174" level="INFO">${response} = &lt;Response [200]&gt;</msg>
<var>${response}</var>
<arg>foodie</arg>
<arg>/restaurants/${NEW_RES_ID}</arg>
<doc>Sends a DELETE request on a previously created HTTP Session.</doc>
<status status="PASS" start="2026-02-21T12:36:09.977966" elapsed="2.033206"/>
</kw>
<kw name="Status Should Be" owner="RequestsLibrary">
<arg>200</arg>
<arg>${response}</arg>
<doc>Fails if response status code is different than the expected.</doc>
<status status="PASS" start="2026-02-21T12:36:12.011172" elapsed="0.000000"/>
</kw>
<doc>Cleanup restaurant test data</doc>
<status status="PASS" start="2026-02-21T12:36:09.977966" elapsed="2.034230"/>
</test>
<status status="PASS" start="2026-02-21T12:35:47.392837" elapsed="24.620365"/>
</suite>
<statistics>
<total>
<stat pass="12" fail="0" skip="0">All Tests</stat>
</total>
<tag>
</tag>
<suite>
<stat name="Api Tests" id="s1" pass="12" fail="0" skip="0">Api Tests</stat>
</suite>
</statistics>
<errors>
</errors>
</robot>
