<?xml version="1.0" encoding="UTF-8"?>
<robot generator="Robot 7.4.1 (Python 3.14.2 on win32)" generated="2026-02-01T20:03:47.363715" rpa="false" schemaversion="5">
<suite id="s1" name="TC004 Login" source="C:\Users\Lenovo\PycharmProjects\Wipro-Training-2026\day-12\Class Work Day12\RobotFw\TC004_Login.robot">
<test id="s1-t1" name="TC003_Login.robot" line="12">
<kw name="Open Browser" owner="SeleniumLibrary">
<msg time="2026-02-01T20:03:47.766538" level="INFO">Opening browser 'firefox' to base url 'https://opensource-demo.orangehrmlive.com/web/index.php/auth/login'.</msg>
<arg>${url}</arg>
<arg>${browser}</arg>
<doc>Opens a new browser instance to the optional ``url``.</doc>
<status status="PASS" start="2026-02-01T20:03:47.765961" elapsed="13.439303"/>
</kw>
<kw name="Sleep" owner="BuiltIn">
<msg time="2026-02-01T20:04:11.207710" level="INFO">Slept 10 seconds.</msg>
<arg>10s</arg>
<doc>Pauses the test executed for the given time.</doc>
<status status="PASS" start="2026-02-01T20:04:01.206583" elapsed="10.001356"/>
</kw>
<kw name="Input Text" owner="SeleniumLibrary">
<msg time="2026-02-01T20:04:11.209697" level="INFO">Typing text 'Admin' into text field 'name=username'.</msg>
<arg>name=username</arg>
<arg>${username}</arg>
<doc>Types the given ``text`` into the text field identified by ``locator``.</doc>
<status status="PASS" start="2026-02-01T20:04:11.208689" elapsed="0.068357"/>
</kw>
<kw name="Input Text" owner="SeleniumLibrary">
<msg time="2026-02-01T20:04:11.278383" level="INFO">Typing text 'admin123' into text field 'name=password'.</msg>
<arg>name=password</arg>
<arg>${password}</arg>
<doc>Types the given ``text`` into the text field identified by ``locator``.</doc>
<status status="PASS" start="2026-02-01T20:04:11.277778" elapsed="0.046181"/>
</kw>
<kw name="Sleep" owner="BuiltIn">
<msg time="2026-02-01T20:04:21.326748" level="INFO">Slept 10 seconds.</msg>
<arg>10s</arg>
<doc>Pauses the test executed for the given time.</doc>
<status status="PASS" start="2026-02-01T20:04:11.324747" elapsed="10.002332"/>
</kw>
<kw name="Capture Page Screenshot" owner="SeleniumLibrary">
<msg time="2026-02-01T20:04:21.450648" level="INFO" html="true">&lt;/td&gt;&lt;/tr&gt;&lt;tr&gt;&lt;td colspan="3"&gt;&lt;a href="beforelogin.png"&gt;&lt;img src="beforelogin.png" width="800px"&gt;&lt;/a&gt;</msg>
<arg>beforelogin.png</arg>
<doc>Takes a screenshot of the current page and embeds it into a log file.</doc>
<status status="PASS" start="2026-02-01T20:04:21.327832" elapsed="0.123086"/>
</kw>
<kw name="Click Button" owner="SeleniumLibrary">
<msg time="2026-02-01T20:04:21.451871" level="INFO">Clicking button 'xpath=//*[@id="app"]/div[1]/div/div[1]/div/div[2]/div[2]/div[3]/div/div[3]/form/div[3]/button'.</msg>
<msg time="2026-02-01T20:04:21.586057" level="INFO" html="true">&lt;/td&gt;&lt;/tr&gt;&lt;tr&gt;&lt;td colspan="3"&gt;&lt;a href="selenium-screenshot-2.png"&gt;&lt;img src="selenium-screenshot-2.png" width="800px"&gt;&lt;/a&gt;</msg>
<msg time="2026-02-01T20:04:21.586350" level="FAIL">Button with locator 'xpath=//*[@id="app"]/div[1]/div/div[1]/div/div[2]/div[2]/div[3]/div/div[3]/form/div[3]/button' not found.</msg>
<arg>xpath=//*[@id="app"]/div[1]/div/div[1]/div/div[2]/div[2]/div[3]/div/div[3]/form/div[3]/button</arg>
<doc>Clicks the button identified by ``locator``.</doc>
<status status="FAIL" start="2026-02-01T20:04:21.451514" elapsed="0.140141">Button with locator 'xpath=//*[@id="app"]/div[1]/div/div[1]/div/div[2]/div[2]/div[3]/div/div[3]/form/div[3]/button' not found.</status>
</kw>
<kw name="Sleep" owner="BuiltIn">
<arg>20s</arg>
<doc>Pauses the test executed for the given time.</doc>
<status status="NOT RUN" start="2026-02-01T20:04:21.592463" elapsed="0.000103"/>
</kw>
<kw name="Capture Page Screenshot" owner="SeleniumLibrary">
<arg>afterlogin.png</arg>
<doc>Takes a screenshot of the current page and embeds it into a log file.</doc>
<status status="NOT RUN" start="2026-02-01T20:04:21.593785" elapsed="0.000143"/>
</kw>
<kw name="Close Browser" owner="SeleniumLibrary">
<doc>Closes the current browser.</doc>
<status status="NOT RUN" start="2026-02-01T20:04:21.594798" elapsed="0.000082"/>
</kw>
<status status="FAIL" start="2026-02-01T20:03:47.763161" elapsed="33.832199">Button with locator 'xpath=//*[@id="app"]/div[1]/div/div[1]/div/div[2]/div[2]/div[3]/div/div[3]/form/div[3]/button' not found.</status>
</test>
<status status="FAIL" start="2026-02-01T20:03:47.366720" elapsed="34.230620"/>
</suite>
<statistics>
<total>
<stat pass="0" fail="1" skip="0">All Tests</stat>
</total>
<tag>
</tag>
<suite>
<stat name="TC004 Login" id="s1" pass="0" fail="1" skip="0">TC004 Login</stat>
</suite>
</statistics>
<errors>
</errors>
</robot>
